# JRE version: Java(TM) SE Runtime Environment (8.0_192-b12) (build 1.8.0_192-b12)
# Java VM: Java HotSpot(TM) 64-Bit Server VM (25.192-b12 mixed mode windows-amd64 compressed oops)
Heap:
 PSYoungGen      total 64000K, used 24731K [0x00000000ec500000, 0x00000000f0600000, 0x0000000100000000)
  eden space 61440K, 40% used [0x00000000ec500000,0x00000000edd26da8,0x00000000f0100000)
  from space 2560K, 0% used [0x00000000f0380000,0x00000000f0380000,0x00000000f0600000)
  to   space 2560K, 0% used [0x00000000f0100000,0x00000000f0100000,0x00000000f0380000)
 ParOldGen       total 34816K, used 9901K [0x00000000c4e00000, 0x00000000c7000000, 0x00000000ec500000)
  object space 34816K, 28% used [0x00000000c4e00000,0x00000000c57ab528,0x00000000c7000000)
 Metaspace       used 22224K, capacity 22576K, committed 22704K, reserved 1069056K
  class space    used 2713K, capacity 2801K, committed 2816K, reserved 1048576K
GC Heap History (10 events):
Event: 3.054 GC heap before
{Heap before GC invocations=3 (full 0):
 PSYoungGen      total 33280K, used 33263K [0x00000000ec500000, 0x00000000ee800000, 0x0000000100000000)
  eden space 30720K, 100% used [0x00000000ec500000,0x00000000ee300000,0x00000000ee300000)
  from space 2560K, 99% used [0x00000000ee580000,0x00000000ee7fbdc0,0x00000000ee800000)
  to   space 2560K, 0% used [0x00000000ee300000,0x00000000ee300000,0x00000000ee580000)
 ParOldGen       total 40960K, used 394K [0x00000000c4e00000, 0x00000000c7600000, 0x00000000ec500000)
  object space 40960K, 0% used [0x00000000c4e00000,0x00000000c4e62920,0x00000000c7600000)
 Metaspace       used 10276K, capacity 10442K, committed 10624K, reserved 1058816K
  class space    used 1253K, capacity 1305K, committed 1408K, reserved 1048576K
Event: 3.096 GC heap after
Heap after GC invocations=3 (full 0):
 PSYoungGen      total 33280K, used 2539K [0x00000000ec500000, 0x00000000f0600000, 0x0000000100000000)
  eden space 30720K, 0% used [0x00000000ec500000,0x00000000ec500000,0x00000000ee300000)
  from space 2560K, 99% used [0x00000000ee300000,0x00000000ee57ad00,0x00000000ee580000)
  to   space 2560K, 0% used [0x00000000f0380000,0x00000000f0380000,0x00000000f0600000)
 ParOldGen       total 40960K, used 2733K [0x00000000c4e00000, 0x00000000c7600000, 0x00000000ec500000)
  object space 40960K, 6% used [0x00000000c4e00000,0x00000000c50ab7a0,0x00000000c7600000)
 Metaspace       used 10276K, capacity 10442K, committed 10624K, reserved 1058816K
  class space    used 1253K, capacity 1305K, committed 1408K, reserved 1048576K
}
Event: 6.015 GC heap before
{Heap before GC invocations=4 (full 0):
 PSYoungGen      total 33280K, used 33259K [0x00000000ec500000, 0x00000000f0600000, 0x0000000100000000)
  eden space 30720K, 100% used [0x00000000ec500000,0x00000000ee300000,0x00000000ee300000)
  from space 2560K, 99% used [0x00000000ee300000,0x00000000ee57ad00,0x00000000ee580000)
  to   space 2560K, 0% used [0x00000000f0380000,0x00000000f0380000,0x00000000f0600000)
 ParOldGen       total 40960K, used 2733K [0x00000000c4e00000, 0x00000000c7600000, 0x00000000ec500000)
  object space 40960K, 6% used [0x00000000c4e00000,0x00000000c50ab7a0,0x00000000c7600000)
 Metaspace       used 13685K, capacity 13834K, committed 14080K, reserved 1060864K
  class space    used 1695K, capacity 1753K, committed 1792K, reserved 1048576K
Event: 6.026 GC heap after
Heap after GC invocations=4 (full 0):
 PSYoungGen      total 64000K, used 2547K [0x00000000ec500000, 0x00000000f0600000, 0x0000000100000000)
  eden space 61440K, 0% used [0x00000000ec500000,0x00000000ec500000,0x00000000f0100000)
  from space 2560K, 99% used [0x00000000f0380000,0x00000000f05fcd98,0x00000000f0600000)
  to   space 2560K, 0% used [0x00000000f0100000,0x00000000f0100000,0x00000000f0380000)
 ParOldGen       total 40960K, used 5925K [0x00000000c4e00000, 0x00000000c7600000, 0x00000000ec500000)
  object space 40960K, 14% used [0x00000000c4e00000,0x00000000c53c9640,0x00000000c7600000)
 Metaspace       used 13685K, capacity 13834K, committed 14080K, reserved 1060864K
  class space    used 1695K, capacity 1753K, committed 1792K, reserved 1048576K
}
Event: 9.132 GC heap before
{Heap before GC invocations=5 (full 0):
 PSYoungGen      total 64000K, used 63987K [0x00000000ec500000, 0x00000000f0600000, 0x0000000100000000)
  eden space 61440K, 100% used [0x00000000ec500000,0x00000000f0100000,0x00000000f0100000)
  from space 2560K, 99% used [0x00000000f0380000,0x00000000f05fcd98,0x00000000f0600000)
  to   space 2560K, 0% used [0x00000000f0100000,0x00000000f0100000,0x00000000f0380000)
 ParOldGen       total 40960K, used 5925K [0x00000000c4e00000, 0x00000000c7600000, 0x00000000ec500000)
  object space 40960K, 14% used [0x00000000c4e00000,0x00000000c53c9640,0x00000000c7600000)
 Metaspace       used 18408K, capacity 18644K, committed 18688K, reserved 1064960K
  class space    used 2235K, capacity 2288K, committed 2304K, reserved 1048576K
Event: 9.143 GC heap after
Heap after GC invocations=5 (full 0):
 PSYoungGen      total 64000K, used 2536K [0x00000000ec500000, 0x00000000f0600000, 0x0000000100000000)
  eden space 61440K, 0% used [0x00000000ec500000,0x00000000ec500000,0x00000000f0100000)
  from space 2560K, 99% used [0x00000000f0100000,0x00000000f037a020,0x00000000f0380000)
  to   space 2560K, 0% used [0x00000000f0380000,0x00000000f0380000,0x00000000f0600000)
 ParOldGen       total 40960K, used 10568K [0x00000000c4e00000, 0x00000000c7600000, 0x00000000ec500000)
  object space 40960K, 25% used [0x00000000c4e00000,0x00000000c5852000,0x00000000c7600000)
 Metaspace       used 18408K, capacity 18644K, committed 18688K, reserved 1064960K
  class space    used 2235K, capacity 2288K, committed 2304K, reserved 1048576K
}
Event: 11.289 GC heap before
{Heap before GC invocations=6 (full 0):
 PSYoungGen      total 64000K, used 28696K [0x00000000ec500000, 0x00000000f0600000, 0x0000000100000000)
  eden space 61440K, 42% used [0x00000000ec500000,0x00000000ede8c158,0x00000000f0100000)
  from space 2560K, 99% used [0x00000000f0100000,0x00000000f037a020,0x00000000f0380000)
  to   space 2560K, 0% used [0x00000000f0380000,0x00000000f0380000,0x00000000f0600000)
 ParOldGen       total 40960K, used 10568K [0x00000000c4e00000, 0x00000000c7600000, 0x00000000ec500000)
  object space 40960K, 25% used [0x00000000c4e00000,0x00000000c5852000,0x00000000c7600000)
 Metaspace       used 20969K, capacity 21220K, committed 21296K, reserved 1069056K
  class space    used 2548K, capacity 2653K, committed 2688K, reserved 1048576K
Event: 11.304 GC heap after
Heap after GC invocations=6 (full 0):
 PSYoungGen      total 64000K, used 2547K [0x00000000ec500000, 0x00000000f0600000, 0x0000000100000000)
  eden space 61440K, 0% used [0x00000000ec500000,0x00000000ec500000,0x00000000f0100000)
  from space 2560K, 99% used [0x00000000f0380000,0x00000000f05fcdc8,0x00000000f0600000)
  to   space 2560K, 0% used [0x00000000f0100000,0x00000000f0100000,0x00000000f0380000)
 ParOldGen       total 40960K, used 13102K [0x00000000c4e00000, 0x00000000c7600000, 0x00000000ec500000)
  object space 40960K, 31% used [0x00000000c4e00000,0x00000000c5acb9a8,0x00000000c7600000)
 Metaspace       used 20969K, capacity 21220K, committed 21296K, reserved 1069056K
  class space    used 2548K, capacity 2653K, committed 2688K, reserved 1048576K
}
Event: 11.304 GC heap before
{Heap before GC invocations=7 (full 1):
 PSYoungGen      total 64000K, used 2547K [0x00000000ec500000, 0x00000000f0600000, 0x0000000100000000)
  eden space 61440K, 0% used [0x00000000ec500000,0x00000000ec500000,0x00000000f0100000)
  from space 2560K, 99% used [0x00000000f0380000,0x00000000f05fcdc8,0x00000000f0600000)
  to   space 2560K, 0% used [0x00000000f0100000,0x00000000f0100000,0x00000000f0380000)
 ParOldGen       total 40960K, used 13102K [0x00000000c4e00000, 0x00000000c7600000, 0x00000000ec500000)
  object space 40960K, 31% used [0x00000000c4e00000,0x00000000c5acb9a8,0x00000000c7600000)
 Metaspace       used 20969K, capacity 21220K, committed 21296K, reserved 1069056K
  class space    used 2548K, capacity 2653K, committed 2688K, reserved 1048576K
Event: 11.442 GC heap after
Heap after GC invocations=7 (full 1):
 PSYoungGen      total 64000K, used 0K [0x00000000ec500000, 0x00000000f0600000, 0x0000000100000000)
  eden space 61440K, 0% used [0x00000000ec500000,0x00000000ec500000,0x00000000f0100000)
  from space 2560K, 0% used [0x00000000f0380000,0x00000000f0380000,0x00000000f0600000)
  to   space 2560K, 0% used [0x00000000f0100000,0x00000000f0100000,0x00000000f0380000)
 ParOldGen       total 34816K, used 9901K [0x00000000c4e00000, 0x00000000c7000000, 0x00000000ec500000)
  object space 34816K, 28% used [0x00000000c4e00000,0x00000000c57ab528,0x00000000c7000000)
 Metaspace       used 20969K, capacity 21220K, committed 21296K, reserved 1069056K
  class space    used 2548K, capacity 2653K, committed 2688K, reserved 1048576K
}

